<?xml version="1.0" encoding="UTF-8"?>
<!-- Generated by org.testng.reporters.JUnitReportReporter -->
<testsuite hostname="Cruiz" failures="0" tests="8" name="runners.TestRunner" time="81.977" errors="0" timestamp="2026-06-10T10:01:29 IST" skipped="0">
  <testcase classname="runners.TestRunner" name="runScenario" time="3.905"/>
  <testcase classname="runners.TestRunner" name="runScenario" time="10.972"/>
  <testcase classname="runners.TestRunner" name="runScenario" time="10.130"/>
  <testcase classname="runners.TestRunner" name="runScenario" time="7.388"/>
  <testcase classname="runners.TestRunner" name="runScenario" time="15.796"/>
  <testcase classname="runners.TestRunner" name="runScenario" time="11.844"/>
  <testcase classname="runners.TestRunner" name="runScenario" time="12.169"/>
  <testcase classname="runners.TestRunner" name="runScenario" time="9.773"/>
</testsuite> <!-- runners.TestRunner -->
